d:\documents ii\gtr_framework\visualstudio\vs2015\release\vc141.pdb
d:\documents ii\gtr_framework\visualstudio\vs2015\release\tritri.obj
d:\documents ii\gtr_framework\visualstudio\vs2015\release\math3d.obj
d:\documents ii\gtr_framework\visualstudio\vs2015\release\sysdep.obj
d:\documents ii\gtr_framework\visualstudio\vs2015\release\imgui_demo.obj
d:\documents ii\gtr_framework\visualstudio\vs2015\release\picopng.obj
d:\documents ii\gtr_framework\visualstudio\vs2015\release\main.obj
d:\documents ii\gtr_framework\visualstudio\vs2015\release\utils.obj
d:\documents ii\gtr_framework\visualstudio\vs2015\release\mytritri.obj
d:\documents ii\gtr_framework\visualstudio\vs2015\release\imgui.obj
d:\documents ii\gtr_framework\visualstudio\vs2015\release\textparser.obj
d:\documents ii\gtr_framework\visualstudio\vs2015\release\mesh.obj
d:\documents ii\gtr_framework\visualstudio\vs2015\release\camera.obj
d:\documents ii\gtr_framework\visualstudio\vs2015\release\application.obj
d:\documents ii\gtr_framework\visualstudio\vs2015\release\texture.obj
d:\documents ii\gtr_framework\visualstudio\vs2015\release\coldet_bld.obj
d:\documents ii\gtr_framework\visualstudio\vs2015\release\imgradient.obj
d:\documents ii\gtr_framework\visualstudio\vs2015\release\imgui_impl_sdl.obj
d:\documents ii\gtr_framework\visualstudio\vs2015\release\input.obj
d:\documents ii\gtr_framework\visualstudio\vs2015\release\shader.obj
d:\documents ii\gtr_framework\visualstudio\vs2015\release\box_bld.obj
d:\documents ii\gtr_framework\visualstudio\vs2015\release\imcurveedit.obj
d:\documents ii\gtr_framework\visualstudio\vs2015\release\imgui_widgets.obj
d:\documents ii\gtr_framework\visualstudio\vs2015\release\gltf_loader.obj
d:\documents ii\gtr_framework\visualstudio\vs2015\release\box.obj
d:\documents ii\gtr_framework\visualstudio\vs2015\release\hdre.obj
d:\documents ii\gtr_framework\visualstudio\vs2015\release\fbo.obj
d:\documents ii\gtr_framework\visualstudio\vs2015\release\prefab.obj
d:\documents ii\gtr_framework\visualstudio\vs2015\release\coldet.obj
d:\documents ii\gtr_framework\visualstudio\vs2015\release\imguizmo.obj
d:\documents ii\gtr_framework\visualstudio\vs2015\release\imgui_impl_opengl3.obj
d:\documents ii\gtr_framework\visualstudio\vs2015\release\imsequencer.obj
d:\documents ii\gtr_framework\visualstudio\vs2015\release\framework.obj
d:\documents ii\gtr_framework\visualstudio\vs2015\release\renderer.obj
d:\documents ii\gtr_framework\visualstudio\vs2015\release\entity.obj
d:\documents ii\gtr_framework\visualstudio\vs2015\release\material.obj
d:\documents ii\gtr_framework\visualstudio\vs2015\release\imgui_draw.obj
d:\documents ii\gtr_framework\framework.ipdb
d:\documents ii\gtr_framework\framework.iobj
d:\documents ii\gtr_framework\framework.exe
d:\documents ii\gtr_framework\framework.pdb
d:\documents ii\gtr_framework\visualstudio\vs2015\..\..\framework.exe
d:\documents ii\gtr_framework\visualstudio\vs2015\release\framework.tlog\cl.command.1.tlog
d:\documents ii\gtr_framework\visualstudio\vs2015\release\framework.tlog\cl.read.1.tlog
d:\documents ii\gtr_framework\visualstudio\vs2015\release\framework.tlog\cl.write.1.tlog
d:\documents ii\gtr_framework\visualstudio\vs2015\release\framework.tlog\framework.write.1u.tlog
d:\documents ii\gtr_framework\visualstudio\vs2015\release\framework.tlog\link.command.1.tlog
d:\documents ii\gtr_framework\visualstudio\vs2015\release\framework.tlog\link.read.1.tlog
d:\documents ii\gtr_framework\visualstudio\vs2015\release\framework.tlog\link.write.1.tlog
