  application.cpp
d:\documents ii\gtr_framework\src\entity.h(44): warning C4305: 'inicializando': truncamiento de 'double' a 'float'
d:\documents ii\gtr_framework\src\entity.h(50): warning C4305: 'argumento': truncamiento de 'double' a 'float'
d:\documents ii\gtr_framework\src\application.cpp(65): warning C4305: 'argumento': truncamiento de 'double' a 'float'
d:\documents ii\gtr_framework\src\application.cpp(66): warning C4305: 'argumento': truncamiento de 'double' a 'float'
d:\documents ii\gtr_framework\src\application.cpp(67): warning C4305: 'argumento': truncamiento de 'double' a 'float'
d:\documents ii\gtr_framework\src\application.cpp(80): warning C4305: '=': truncamiento de 'double' a 'float'
d:\documents ii\gtr_framework\src\application.cpp(107): warning C4018: '<': no coinciden signed/unsigned
d:\documents ii\gtr_framework\src\application.cpp(162): warning C4244: 'inicializando': conversión de 'double' a 'float'; posible pérdida de datos
d:\documents ii\gtr_framework\src\application.cpp(163): warning C4244: 'inicializando': conversión de 'double' a 'float'; posible pérdida de datos
d:\documents ii\gtr_framework\src\application.cpp(177): warning C4244: 'argumento': conversión de 'double' a 'float'; posible pérdida de datos
d:\documents ii\gtr_framework\src\application.cpp(179): warning C4244: 'argumento': conversión de 'double' a 'float'; posible pérdida de datos
d:\documents ii\gtr_framework\src\application.cpp(273): warning C4244: '*=': conversión de 'double' a 'float'; posible pérdida de datos
d:\documents ii\gtr_framework\src\application.cpp(275): warning C4244: 'argumento': conversión de 'double' a 'float'; posible pérdida de datos
LINK : warning LNK4098: la biblioteca predeterminada'LIBCMT' entra en conflicto con otras bibliotecas; use la biblioteca /NODEFAULTLIB:biblioteca
  Generando código
  2 of 4456 functions (<0.1%) were compiled, the rest were copied from previous compilation.
    0 functions were new in current compilation
    2 functions had inline decision re-evaluated but remain unchanged
  Generación de código finalizada
imgui_impl_opengl3.obj : warning LNK4049: se importó el símbolo ___glewDeleteBuffers definido localmente
imgui_impl_opengl3.obj : warning LNK4049: se importó el símbolo ___glewLinkProgram definido localmente
imgui_impl_opengl3.obj : warning LNK4049: se importó el símbolo ___glewDeleteShader definido localmente
imgui_impl_opengl3.obj : warning LNK4049: se importó el símbolo ___glewGenBuffers definido localmente
imgui_impl_opengl3.obj : warning LNK4049: se importó el símbolo ___glewGetProgramInfoLog definido localmente
imgui_impl_opengl3.obj : warning LNK4049: se importó el símbolo ___glewDetachShader definido localmente
imgui_impl_opengl3.obj : warning LNK4049: se importó el símbolo ___glewUniformMatrix4fv definido localmente
imgui_impl_opengl3.obj : warning LNK4049: se importó el símbolo ___glewBlendEquationSeparate definido localmente
imgui_impl_opengl3.obj : warning LNK4049: se importó el símbolo ___glewGenVertexArrays definido localmente
imgui_impl_opengl3.obj : warning LNK4049: se importó el símbolo ___glewBlendEquation definido localmente
imgui_impl_opengl3.obj : warning LNK4049: se importó el símbolo ___glewShaderSource definido localmente
imgui_impl_opengl3.obj : warning LNK4049: se importó el símbolo ___glewDeleteProgram definido localmente
imgui_impl_opengl3.obj : warning LNK4049: se importó el símbolo ___glewActiveTexture definido localmente
imgui_impl_opengl3.obj : warning LNK4049: se importó el símbolo ___glewAttachShader definido localmente
imgui_impl_opengl3.obj : warning LNK4049: se importó el símbolo ___glewBufferData definido localmente
imgui_impl_opengl3.obj : warning LNK4049: se importó el símbolo ___glewGetUniformLocation definido localmente
imgui_impl_opengl3.obj : warning LNK4049: se importó el símbolo ___glewBlendFuncSeparate definido localmente
imgui_impl_opengl3.obj : warning LNK4049: se importó el símbolo ___glewDeleteVertexArrays definido localmente
imgui_impl_opengl3.obj : warning LNK4049: se importó el símbolo ___glewGetProgramiv definido localmente
imgui_impl_opengl3.obj : warning LNK4049: se importó el símbolo ___glewGetShaderInfoLog definido localmente
imgui_impl_opengl3.obj : warning LNK4049: se importó el símbolo ___glewUniform1i definido localmente
imgui_impl_opengl3.obj : warning LNK4049: se importó el símbolo ___glewCreateProgram definido localmente
imgui_impl_opengl3.obj : warning LNK4049: se importó el símbolo ___glewBindBuffer definido localmente
imgui_impl_opengl3.obj : warning LNK4049: se importó el símbolo ___glewCreateShader definido localmente
imgui_impl_opengl3.obj : warning LNK4049: se importó el símbolo ___glewGetAttribLocation definido localmente
imgui_impl_opengl3.obj : warning LNK4049: se importó el símbolo ___glewCompileShader definido localmente
imgui_impl_opengl3.obj : warning LNK4049: se importó el símbolo ___glewGetShaderiv definido localmente
imgui_impl_opengl3.obj : warning LNK4049: se importó el símbolo ___glewDrawElementsBaseVertex definido localmente
imgui_impl_opengl3.obj : warning LNK4049: se importó el símbolo ___glewVertexAttribPointer definido localmente
imgui_impl_opengl3.obj : warning LNK4049: se importó el símbolo ___glewUseProgram definido localmente
imgui_impl_opengl3.obj : warning LNK4049: se importó el símbolo ___glewBindSampler definido localmente
imgui_impl_opengl3.obj : warning LNK4049: se importó el símbolo ___glewBindVertexArray definido localmente
imgui_impl_opengl3.obj : warning LNK4049: se importó el símbolo ___glewEnableVertexAttribArray definido localmente
glew32s.lib(glew.obj) : warning LNK4099: no se encontró PDB 'vc120.pdb' con 'glew32s.lib(glew.obj)' o en 'D:\Documents II\GTR_Framework\vc120.pdb'; se vinculará el objeto sin tener en cuenta información de depuración
  visualstudio.vcxproj -> D:\Documents II\GTR_Framework\visualstudio\VS2015\..\..\framework.exe
